179  [run-main] INFO  getco.EquityMasterApplication - EquityMasterApplication version 1.0
187  [run-main] INFO  getco.io.EquityDefinitionParserImpl - parseFile version with delim , on filePath /vendor_a_eq.txt
192  [run-main] INFO  getco.io.EquityDefinitionParserImpl - parseFile version with delim | on filePath /vendor_b_eq.txt
193  [run-main] ERROR getco.model.EquityModelUtils$class - Was not able to parse value 'sector' from record '01381720,US0138172004,014515747,AAp,US,Pfd,NYSE'
193  [run-main] ERROR getco.model.EquityModelUtils$class - Was not able to parse value 'group' from record '01381720,US0138172004,014515747,AAp,US,Pfd,NYSE'
193  [run-main] ERROR getco.model.EquityModelUtils$class - Was not able to parse value 'subgroup' from record '01381720,US0138172004,014515747,AAp,US,Pfd,NYSE'
194  [run-main] INFO  getco.io.EquityDefinitionWriterImpl - writing EquityDefinition file to /home/jpc/interviews/getco/equitydefinition.txt
195  [run-main] INFO  getco.io.EquityTimeSeriesParserImpl - parseFile version with delim , on filePath /vendor_a_ts.txt
202  [run-main] INFO  getco.io.EquityTimeSeriesParserImpl - parseFile version with delim | on filePath /vendor_b_ts.txt
203  [run-main] ERROR getco.model.EquityModelUtils$class - Was not able to parse value 'volume' from record 'AAp:01381720,2011-11-01,,83.470000,81.980000,83.470000'
203  [run-main] ERROR getco.model.EquityModelUtils$class - Was not able to parse value 'volume' from record 'AAp:01381720,2011-11-02,,80.520000,80.520000,82.790000'
204  [run-main] ERROR getco.model.EquityModelUtils$class - Was not able to parse value 'volume' from record 'AAp:01381720,2011-11-03,,83.500000,82.010000,83.500000'
204  [run-main] ERROR getco.model.EquityModelUtils$class - Was not able to parse value 'volume' from record 'AAp:01381720,2011-11-04,,80.500000,79.050000,83.650000'
205  [run-main] ERROR getco.model.EquityModelUtils$class - Was not able to parse value 'volume' from record 'AAp:01381720,2011-11-07,,80.500000,79.560000,83.750000'
205  [run-main] ERROR getco.model.EquityModelUtils$class - Was not able to parse value 'volume' from record 'AAp:01381720,2011-11-08,,80.560000,80.550000,82.050000'
206  [run-main] ERROR getco.model.EquityModelUtils$class - Was not able to parse value 'volume' from record 'AAp:01381720,2011-11-09,,79.060000,79.050000,80.540000'
206  [run-main] ERROR getco.model.EquityModelUtils$class - Was not able to parse value 'volume' from record 'AAp:01381720,2011-11-10,,79.060000,79.060000,83.750000'
207  [run-main] ERROR getco.model.EquityModelUtils$class - Was not able to parse value 'volume' from record 'AAp:01381720,2011-11-11,,79.060000,78.550000,83.750000'
207  [run-main] ERROR getco.model.EquityModelUtils$class - Was not able to parse value 'volume' from record 'AAp:01381720,2011-11-14,,79.060000,79.050000,83.750000'
208  [run-main] ERROR getco.model.EquityModelUtils$class - Was not able to parse value 'volume' from record 'AAp:01381720,2011-11-15,,81.750000,79.050000,81.740000'
209  [run-main] ERROR getco.model.EquityTimeSeriesImpl - Unable to combine time series for 03783310 due to [18514825.000000|03783310|2011-11-01|397.410000|396.510000] != [18992411|03783310|2011-11-01|397.410000|396.510000]
210  [run-main] ERROR getco.model.EquityTimeSeriesImpl - Unable to combine time series for 59491810 due to [59870451.000000|59491810|2011-11-01|26.190000|25.990000] != [61186956|59491810|2011-11-01|26.190000|25.990000]
210  [run-main] ERROR getco.model.EquityTimeSeriesImpl - Unable to combine time series for 45920010 due to [5729430.000000|45920010|2011-11-01|181.550000|181.350000] != [5883336|45920010|2011-11-01|181.550000|181.350000]
210  [run-main] ERROR getco.model.EquityTimeSeriesImpl - Unable to combine time series for 93114210 due to [13523170.000000|93114210|2011-11-01|55.820000|56.230000] != [13790143|93114210|2011-11-01|55.820000|56.230000]
210  [run-main] ERROR getco.model.EquityTimeSeriesImpl - Unable to combine time series for 68389X10 due to [30966777.000000|68389X10|2011-11-01|31.960000|31.690000] != [31480143|68389X10|2011-11-01|31.960000|31.690000]
210  [run-main] ERROR getco.model.EquityTimeSeriesImpl - Unable to combine time series for 45814010 due to [66702952.000000|45814010|2011-11-01|24.110000|23.900000] != [68002340|45814010|2011-11-01|24.110000|23.900000]
210  [run-main] ERROR getco.model.EquityTimeSeriesImpl - Unable to combine time series for 80305420 due to [2755904.000000|80305420|2011-11-01|58.290000|58.960000] != [2825874|80305420|2011-11-01|58.290000|58.960000]
210  [run-main] ERROR getco.model.EquityTimeSeriesImpl - Unable to combine time series for 13800630 due to [269590.000000|13800630|2011-11-01|44.740000|44.870000] != [271190|13800630|2011-11-01|44.740000|44.870000]
211  [run-main] ERROR getco.model.EquityTimeSeriesImpl - Unable to combine time series for 26864810 due to [26647173.000000|26864810|2011-11-01|23.830000|23.780000] != [27264435|26864810|2011-11-01|23.830000|23.780000]
211  [run-main] ERROR getco.model.EquityTimeSeriesImpl - Unable to combine time series for 37045V10 due to [25094427.000000|37045V10|2011-11-01|24.820000|23.330000] != [25371128|37045V10|2011-11-01|24.820000|23.330000]
211  [run-main] ERROR getco.model.EquityTimeSeriesImpl - Unable to combine time series for 87612E10 due to [16414943.000000|87612E10|2011-11-01|53.240000|52.610000] != [16465955|87612E10|2011-11-01|53.240000|52.610000]
211  [run-main] ERROR getco.model.EquityTimeSeriesImpl - Unable to combine time series for 14365830 due to [8335916.000000|14365830|2011-11-01|33.610000|33.260000] != [8440643|14365830|2011-11-01|33.610000|33.260000]
211  [run-main] ERROR getco.model.EquityTimeSeriesImpl - Unable to combine time series for 97651M10 due to [1046800.000000|97651M10|2011-11-01|10.300000|10.060000] != [1047700|97651M10|2011-11-01|10.300000|10.060000]
211  [run-main] ERROR getco.model.EquityTimeSeriesImpl - Unable to combine time series for 98849810 due to [4103208.000000|98849810|2011-11-01|52.510000|52.620000] != [4132077|98849810|2011-11-01|52.510000|52.620000]
212  [run-main] ERROR getco.model.EquityTimeSeriesImpl - Unable to combine time series for 11132010 due to [9877910.000000|11132010|2011-11-01|35.059900|34.500000] != [10106566|11132010|2011-11-01|35.059900|34.500000]
212  [run-main] ERROR getco.model.EquityTimeSeriesImpl - Unable to combine time series for N0705918 due to [4811125.000000|N0705918|2011-11-01|40.100000|40.650000] != [5452008|N0705918|2011-11-01|40.100000|40.650000]
212  [run-main] ERROR getco.model.EquityTimeSeriesImpl - Unable to combine time series for 03822210 due to [15559894.000000|03822210|2011-11-01|12.010000|11.920000] != [16066481|03822210|2011-11-01|12.010000|11.920000]
212  [run-main] ERROR getco.model.EquityTimeSeriesImpl - Unable to combine time series for 67066G10 due to [19527313.000000|67066G10|2011-11-01|14.260000|14.060000] != [19776107|67066G10|2011-11-01|14.260000|14.060000]
212  [run-main] ERROR getco.model.EquityTimeSeriesImpl - Unable to combine time series for G5876H10 due to [14906369.000000|G5876H10|2011-11-01|13.570000|13.520000] != [15093341|G5876H10|2011-11-01|13.570000|13.520000]
212  [run-main] ERROR getco.model.EquityTimeSeriesImpl - Unable to combine time series for 57772K10 due to [2259594.000000|57772K10|2011-11-01|25.630000|25.570000] != [2296822|57772K10|2011-11-01|25.630000|25.570000]
212  [run-main] ERROR getco.model.EquityTimeSeriesImpl - Unable to combine time series for 24736170 due to [20809332.000000|24736170|2011-11-01|8.200000|8.330000] != [20844983|24736170|2011-11-01|8.200000|8.330000]
213  [run-main] ERROR getco.model.EquityTimeSeriesImpl - Unable to combine time series for G7945M10 due to [16628973.000000|G7945M10|2011-11-01|15.740000|16.250000] != [16679288|G7945M10|2011-11-01|15.740000|16.250000]
213  [run-main] ERROR getco.model.EquityTimeSeriesImpl - Unable to combine time series for 59501710 due to [3517371.000000|59501710|2011-11-01|35.170000|34.480000] != [3693568|59501710|2011-11-01|35.170000|34.480000]
213  [run-main] ERROR getco.model.EquityTimeSeriesImpl - Unable to combine time series for 86101210 due to [3786972.000000|86101210|2011-11-01|6.440000|6.490000] != [3820958|86101210|2011-11-01|6.440000|6.490000]
213  [run-main] ERROR getco.model.EquityTimeSeriesImpl - Unable to combine time series for 39945C10 due to [353915.000000|39945C10|2011-11-01|19.500000|19.670000] != [356884|39945C10|2011-11-01|19.500000|19.670000]
213  [run-main] ERROR getco.model.EquityTimeSeriesImpl - Unable to combine time series for 04951310 due to [11787197.000000|04951310|2011-11-01|10.150000|10.290000] != [12223644|04951310|2011-11-01|10.150000|10.290000]
213  [run-main] ERROR getco.model.EquityTimeSeriesImpl - Unable to combine time series for 03783310 due to [11217966.000000|03783310|2011-11-02|400.090000|397.410000] != [11723381|03783310|2011-11-02|400.090000|397.410000]
214  [run-main] ERROR getco.model.EquityTimeSeriesImpl - Unable to combine time series for 59491810 due to [51617963.000000|59491810|2011-11-02|26.100000|26.010000] != [53536398|59491810|2011-11-02|26.100000|26.010000]
214  [run-main] ERROR getco.model.EquityTimeSeriesImpl - Unable to combine time series for 45920010 due to [3984111.000000|45920010|2011-11-02|184.000000|183.920000] != [4136703|45920010|2011-11-02|184.000000|183.920000]
214  [run-main] ERROR getco.model.EquityTimeSeriesImpl - Unable to combine time series for 93114210 due to [8605377.000000|93114210|2011-11-02|56.770000|56.860000] != [8920447|93114210|2011-11-02|56.770000|56.860000]
214  [run-main] ERROR getco.model.EquityTimeSeriesImpl - Unable to combine time series for 68389X10 due to [25590322.000000|68389X10|2011-11-02|31.960000|32.280000] != [26470873|68389X10|2011-11-02|31.960000|32.280000]
214  [run-main] ERROR getco.model.EquityTimeSeriesImpl - Unable to combine time series for 45814010 due to [55038457.000000|45814010|2011-11-02|24.020000|23.850000] != [56702801|45814010|2011-11-02|24.020000|23.850000]
214  [run-main] ERROR getco.model.EquityTimeSeriesImpl - Unable to combine time series for 80305420 due to [1514561.000000|80305420|2011-11-02|59.710000|60.250000] != [1526213|80305420|2011-11-02|59.710000|60.250000]
214  [run-main] ERROR getco.model.EquityTimeSeriesImpl - Unable to combine time series for 13800630 due to [219341.000000|13800630|2011-11-02|45.080000|45.040000] != [220941|13800630|2011-11-02|45.080000|45.040000]
215  [run-main] ERROR getco.model.EquityTimeSeriesImpl - Unable to combine time series for 26864810 due to [25420302.000000|26864810|2011-11-02|24.070000|24.310000] != [26156969|26864810|2011-11-02|24.070000|24.310000]
215  [run-main] ERROR getco.model.EquityTimeSeriesImpl - Unable to combine time series for 37045V10 due to [14230407.000000|37045V10|2011-11-02|23.700000|23.200000] != [14368637|37045V10|2011-11-02|23.700000|23.200000]
215  [run-main] ERROR getco.model.EquityTimeSeriesImpl - Unable to combine time series for 87612E10 due to [11832712.000000|87612E10|2011-11-02|53.330000|52.920000] != [12182982|87612E10|2011-11-02|53.330000|52.920000]
215  [run-main] ERROR getco.model.EquityTimeSeriesImpl - Unable to combine time series for 14365830 due to [5728345.000000|14365830|2011-11-02|33.720000|33.920000] != [5758107|14365830|2011-11-02|33.720000|33.920000]
215  [run-main] ERROR getco.model.EquityTimeSeriesImpl - Unable to combine time series for 97651M10 due to [773128.000000|97651M10|2011-11-02|10.120000|10.100000] != [773928|97651M10|2011-11-02|10.120000|10.100000]
215  [run-main] ERROR getco.model.EquityTimeSeriesImpl - Unable to combine time series for 98849810 due to [3284948.000000|98849810|2011-11-02|53.090000|53.150000] != [3317691|98849810|2011-11-02|53.090000|53.150000]
216  [run-main] ERROR getco.model.EquityTimeSeriesImpl - Unable to combine time series for 11132010 due to [8616728.000000|11132010|2011-11-02|34.810000|34.220000] != [8750094|11132010|2011-11-02|34.810000|34.220000]
216  [run-main] ERROR getco.model.EquityTimeSeriesImpl - Unable to combine time series for N0705918 due to [2175540.000000|N0705918|2011-11-02|40.530000|40.460000] != [2208951|N0705918|2011-11-02|40.530000|40.460000]
216  [run-main] ERROR getco.model.EquityTimeSeriesImpl - Unable to combine time series for 03822210 due to [12190794.000000|03822210|2011-11-02|12.000000|12.040000] != [12590014|03822210|2011-11-02|12.000000|12.040000]
216  [run-main] ERROR getco.model.EquityTimeSeriesImpl - Unable to combine time series for 67066G10 due to [23621531.000000|67066G10|2011-11-02|14.200000|13.815000] != [24052336|67066G10|2011-11-02|14.200000|13.815000]
216  [run-main] ERROR getco.model.EquityTimeSeriesImpl - Unable to combine time series for G5876H10 due to [8568950.000000|G5876H10|2011-11-02|13.690000|13.600000] != [8689011|G5876H10|2011-11-02|13.690000|13.600000]
216  [run-main] ERROR getco.model.EquityTimeSeriesImpl - Unable to combine time series for 57772K10 due to [1680256.000000|57772K10|2011-11-02|25.820000|25.630000] != [1736954|57772K10|2011-11-02|25.820000|25.630000]
216  [run-main] ERROR getco.model.EquityTimeSeriesImpl - Unable to combine time series for G7945M10 due to [15120675.000000|G7945M10|2011-11-02|16.270000|16.840000] != [15536913|G7945M10|2011-11-02|16.270000|16.840000]
217  [run-main] ERROR getco.model.EquityTimeSeriesImpl - Unable to combine time series for 24736170 due to [11539383.000000|24736170|2011-11-02|8.400000|8.250000] != [11882787|24736170|2011-11-02|8.400000|8.250000]
217  [run-main] ERROR getco.model.EquityTimeSeriesImpl - Unable to combine time series for 59501710 due to [2200214.000000|59501710|2011-11-02|34.730000|34.620000] != [2247286|59501710|2011-11-02|34.730000|34.620000]
217  [run-main] ERROR getco.model.EquityTimeSeriesImpl - Unable to combine time series for 86101210 due to [2169972.000000|86101210|2011-11-02|6.700000|6.710000] != [2180356|86101210|2011-11-02|6.700000|6.710000]
217  [run-main] ERROR getco.model.EquityTimeSeriesImpl - Unable to combine time series for 39945C10 due to [227500.000000|39945C10|2011-11-02|19.890000|20.110000] != [230469|39945C10|2011-11-02|19.890000|20.110000]
217  [run-main] ERROR getco.model.EquityTimeSeriesImpl - Unable to combine time series for 04951310 due to [17907033.000000|04951310|2011-11-02|9.800000|10.180000] != [18894964|04951310|2011-11-02|9.800000|10.180000]
217  [run-main] ERROR getco.model.EquityTimeSeriesImpl - Unable to combine time series for 03783310 due to [15367726.000000|03783310|2011-11-03|399.070000|403.070000] != [15768725|03783310|2011-11-03|399.070000|403.070000]
217  [run-main] ERROR getco.model.EquityTimeSeriesImpl - Unable to combine time series for 59491810 due to [59004625.000000|59491810|2011-11-03|26.240000|26.530000] != [65837011|59491810|2011-11-03|26.240000|26.530000]
218  [run-main] ERROR getco.model.EquityTimeSeriesImpl - Unable to combine time series for 45920010 due to [4664053.000000|45920010|2011-11-03|185.130000|187.300000] != [4953637|45920010|2011-11-03|185.130000|187.300000]
218  [run-main] ERROR getco.model.EquityTimeSeriesImpl - Unable to combine time series for 93114210 due to [9386039.000000|93114210|2011-11-03|57.050000|57.420000] != [9575589|93114210|2011-11-03|57.050000|57.420000]
218  [run-main] ERROR getco.model.EquityTimeSeriesImpl - Unable to combine time series for 68389X10 due to [26715224.000000|68389X10|2011-11-03|32.260000|33.110000] != [27467144|68389X10|2011-11-03|32.260000|33.110000]
218  [run-main] ERROR getco.model.EquityTimeSeriesImpl - Unable to combine time series for 45814010 due to [56150159.000000|45814010|2011-11-03|23.790000|24.200000] != [58296345|45814010|2011-11-03|23.790000|24.200000]
218  [run-main] ERROR getco.model.EquityTimeSeriesImpl - Unable to combine time series for 80305420 due to [1857851.000000|80305420|2011-11-03|60.850000|61.980000] != [2195988|80305420|2011-11-03|60.850000|61.980000]
218  [run-main] ERROR getco.model.EquityTimeSeriesImpl - Unable to combine time series for 13800630 due to [183004.000000|13800630|2011-11-03|45.230000|45.370000] != [184604|13800630|2011-11-03|45.230000|45.370000]
219  [run-main] ERROR getco.model.EquityTimeSeriesImpl - Unable to combine time series for 26864810 due to [18838778.000000|26864810|2011-11-03|24.560000|25.000000] != [19149507|26864810|2011-11-03|24.560000|25.000000]
219  [run-main] ERROR getco.model.EquityTimeSeriesImpl - Unable to combine time series for 37045V10 due to [18432225.000000|37045V10|2011-11-03|23.820000|24.030000] != [19954578|37045V10|2011-11-03|23.820000|24.030000]
219  [run-main] ERROR getco.model.EquityTimeSeriesImpl - Unable to combine time series for 87612E10 due to [9366243.000000|87612E10|2011-11-03|51.680000|52.240000] != [10044942|87612E10|2011-11-03|51.680000|52.240000]
219  [run-main] ERROR getco.model.EquityTimeSeriesImpl - Unable to combine time series for 14365830 due to [3952067.000000|14365830|2011-11-03|34.530000|34.380000] != [3997949|14365830|2011-11-03|34.530000|34.380000]
219  [run-main] ERROR getco.model.EquityTimeSeriesImpl - Unable to combine time series for 97651M10 due to [650429.000000|97651M10|2011-11-03|10.160000|10.250000] != [657214|97651M10|2011-11-03|10.160000|10.250000]
219  [run-main] ERROR getco.model.EquityTimeSeriesImpl - Unable to combine time series for 98849810 due to [3067020.000000|98849810|2011-11-03|53.630000|54.040000] != [3105549|98849810|2011-11-03|53.630000|54.040000]
219  [run-main] ERROR getco.model.EquityTimeSeriesImpl - Unable to combine time series for 11132010 due to [7643439.000000|11132010|2011-11-03|34.630000|35.390000] != [8083789|11132010|2011-11-03|34.630000|35.390000]
220  [run-main] ERROR getco.model.EquityTimeSeriesImpl - Unable to combine time series for N0705918 due to [2307769.000000|N0705918|2011-11-03|41.110000|42.180000] != [2590505|N0705918|2011-11-03|41.110000|42.180000]
220  [run-main] ERROR getco.model.EquityTimeSeriesImpl - Unable to combine time series for 03822210 due to [12968130.000000|03822210|2011-11-03|12.120000|12.360000] != [13353224|03822210|2011-11-03|12.120000|12.360000]
220  [run-main] ERROR getco.model.EquityTimeSeriesImpl - Unable to combine time series for 67066G10 due to [18014742.000000|67066G10|2011-11-03|13.970000|14.650000] != [18734278|67066G10|2011-11-03|13.970000|14.650000]
220  [run-main] ERROR getco.model.EquityTimeSeriesImpl - Unable to combine time series for G5876H10 due to [11447806.000000|G5876H10|2011-11-03|13.720000|13.900000] != [11790669|G5876H10|2011-11-03|13.720000|13.900000]
220  [run-main] ERROR getco.model.EquityTimeSeriesImpl - Unable to combine time series for 57772K10 due to [1810235.000000|57772K10|2011-11-03|25.890000|26.490000] != [1841692|57772K10|2011-11-03|25.890000|26.490000]
220  [run-main] ERROR getco.model.EquityTimeSeriesImpl - Unable to combine time series for G7945M10 due to [18812859.000000|G7945M10|2011-11-03|17.300000|17.290000] != [19080487|G7945M10|2011-11-03|17.300000|17.290000]
221  [run-main] ERROR getco.model.EquityTimeSeriesImpl - Unable to combine time series for 24736170 due to [12894491.000000|24736170|2011-11-03|8.410000|8.300000] != [13043042|24736170|2011-11-03|8.410000|8.300000]
221  [run-main] ERROR getco.model.EquityTimeSeriesImpl - Unable to combine time series for 59501710 due to [2656442.000000|59501710|2011-11-03|34.850000|35.770000] != [2739327|59501710|2011-11-03|34.850000|35.770000]
221  [run-main] ERROR getco.model.EquityTimeSeriesImpl - Unable to combine time series for 86101210 due to [3352572.000000|86101210|2011-11-03|7.100000|7.350000] != [3376158|86101210|2011-11-03|7.100000|7.350000]
221  [run-main] ERROR getco.model.EquityTimeSeriesImpl - Unable to combine time series for 39945C10 due to [213239.000000|39945C10|2011-11-03|20.300000|20.540000] != [216208|39945C10|2011-11-03|20.300000|20.540000]
221  [run-main] ERROR getco.model.EquityTimeSeriesImpl - Unable to combine time series for 04951310 due to [7686468.000000|04951310|2011-11-03|10.300000|10.440000] != [8045301|04951310|2011-11-03|10.300000|10.440000]
221  [run-main] ERROR getco.model.EquityTimeSeriesImpl - Unable to combine time series for 03783310 due to [10198948.000000|03783310|2011-11-04|402.030000|400.240000] != [10793856|03783310|2011-11-04|402.030000|400.240000]
221  [run-main] ERROR getco.model.EquityTimeSeriesImpl - Unable to combine time series for 59491810 due to [35768580.000000|59491810|2011-11-04|26.380000|26.250000] != [36553269|59491810|2011-11-04|26.380000|26.250000]
222  [run-main] ERROR getco.model.EquityTimeSeriesImpl - Unable to combine time series for 45920010 due to [3137007.000000|45920010|2011-11-04|186.270000|186.380000] != [3237874|45920010|2011-11-04|186.270000|186.380000]
222  [run-main] ERROR getco.model.EquityTimeSeriesImpl - Unable to combine time series for 93114210 due to [6832402.000000|93114210|2011-11-04|57.080000|57.500000] != [7006676|93114210|2011-11-04|57.080000|57.500000]
222  [run-main] ERROR getco.model.EquityTimeSeriesImpl - Unable to combine time series for 68389X10 due to [21704301.000000|68389X10|2011-11-04|32.820000|32.550000] != [23837878|68389X10|2011-11-04|32.820000|32.550000]
222  [run-main] ERROR getco.model.EquityTimeSeriesImpl - Unable to combine time series for 45814010 due to [45426559.000000|45814010|2011-11-04|24.040100|23.740000] != [46476002|45814010|2011-11-04|24.040100|23.740000]
222  [run-main] ERROR getco.model.EquityTimeSeriesImpl - Unable to combine time series for 80305420 due to [2934446.000000|80305420|2011-11-04|60.860000|61.070000] != [2982646|80305420|2011-11-04|60.860000|61.070000]
222  [run-main] ERROR getco.model.EquityTimeSeriesImpl - Unable to combine time series for 13800630 due to [392443.000000|13800630|2011-11-04|44.740000|44.600000] != [393643|13800630|2011-11-04|44.740000|44.600000]
223  [run-main] ERROR getco.model.EquityTimeSeriesImpl - Unable to combine time series for 26864810 due to [18437275.000000|26864810|2011-11-04|24.720000|24.670000] != [20561945|26864810|2011-11-04|24.720000|24.670000]
223  [run-main] ERROR getco.model.EquityTimeSeriesImpl - Unable to combine time series for 37045V10 due to [9398236.000000|37045V10|2011-11-04|23.890000|23.610000] != [9454058|37045V10|2011-11-04|23.890000|23.610000]
223  [run-main] ERROR getco.model.EquityTimeSeriesImpl - Unable to combine time series for 87612E10 due to [5202924.000000|87612E10|2011-11-04|52.070000|52.170000] != [5265436|87612E10|2011-11-04|52.070000|52.170000]
223  [run-main] ERROR getco.model.EquityTimeSeriesImpl - Unable to combine time series for 14365830 due to [2605630.000000|14365830|2011-11-04|33.960000|34.080000] != [2636258|14365830|2011-11-04|33.960000|34.080000]
223  [run-main] ERROR getco.model.EquityTimeSeriesImpl - Unable to combine time series for 98849810 due to [3929395.000000|98849810|2011-11-04|54.030000|53.980000] != [3955510|98849810|2011-11-04|54.030000|53.980000]
223  [run-main] ERROR getco.model.EquityTimeSeriesImpl - Unable to combine time series for 97651M10 due to [594061.000000|97651M10|2011-11-04|10.120000|10.000000] != [602246|97651M10|2011-11-04|10.120000|10.000000]
223  [run-main] ERROR getco.model.EquityTimeSeriesImpl - Unable to combine time series for 11132010 due to [5926906.000000|11132010|2011-11-04|35.000000|36.010000] != [6130004|11132010|2011-11-04|35.000000|36.010000]
224  [run-main] ERROR getco.model.EquityTimeSeriesImpl - Unable to combine time series for N0705918 due to [1403920.000000|N0705918|2011-11-04|41.770000|42.360000] != [1498941|N0705918|2011-11-04|41.770000|42.360000]
224  [run-main] ERROR getco.model.EquityTimeSeriesImpl - Unable to combine time series for 03822210 due to [8772893.000000|03822210|2011-11-04|12.310000|12.420000] != [9429687|03822210|2011-11-04|12.310000|12.420000]
224  [run-main] ERROR getco.model.EquityTimeSeriesImpl - Unable to combine time series for 67066G10 due to [16162841.000000|67066G10|2011-11-04|14.520000|14.820000] != [16380312|67066G10|2011-11-04|14.520000|14.820000]
224  [run-main] ERROR getco.model.EquityTimeSeriesImpl - Unable to combine time series for G5876H10 due to [11553358.000000|G5876H10|2011-11-04|13.760000|14.240000] != [11726839|G5876H10|2011-11-04|13.760000|14.240000]
224  [run-main] ERROR getco.model.EquityTimeSeriesImpl - Unable to combine time series for 57772K10 due to [1744514.000000|57772K10|2011-11-04|26.330000|26.870000] != [1780983|57772K10|2011-11-04|26.330000|26.870000]
224  [run-main] ERROR getco.model.EquityTimeSeriesImpl - Unable to combine time series for G7945M10 due to [19814035.000000|G7945M10|2011-11-04|17.160100|18.340000] != [19884357|G7945M10|2011-11-04|17.160100|18.340000]
224  [run-main] ERROR getco.model.EquityTimeSeriesImpl - Unable to combine time series for 24736170 due to [9338283.000000|24736170|2011-11-04|8.280000|8.350000] != [9420632|24736170|2011-11-04|8.280000|8.350000]
225  [run-main] ERROR getco.model.EquityTimeSeriesImpl - Unable to combine time series for 59501710 due to [3855834.000000|59501710|2011-11-04|37.090000|37.020000] != [3933481|59501710|2011-11-04|37.090000|37.020000]
225  [run-main] ERROR getco.model.EquityTimeSeriesImpl - Unable to combine time series for 86101210 due to [1238033.000000|86101210|2011-11-04|7.180000|7.240000] != [1262112|86101210|2011-11-04|7.180000|7.240000]
225  [run-main] ERROR getco.model.EquityTimeSeriesImpl - Unable to combine time series for 39945C10 due to [131302.000000|39945C10|2011-11-04|20.240000|20.300000] != [133952|39945C10|2011-11-04|20.240000|20.300000]
225  [run-main] ERROR getco.model.EquityTimeSeriesImpl - Unable to combine time series for 04951310 due to [9968867.000000|04951310|2011-11-04|10.280000|10.550000] != [10569251|04951310|2011-11-04|10.280000|10.550000]
225  [run-main] ERROR getco.model.EquityTimeSeriesImpl - Unable to combine time series for 03783310 due to [9393647.000000|03783310|2011-11-07|399.910000|399.730000] != [9652257|03783310|2011-11-07|399.910000|399.730000]
225  [run-main] ERROR getco.model.EquityTimeSeriesImpl - Unable to combine time series for 59491810 due to [41439232.000000|59491810|2011-11-07|26.210000|26.800000] != [42586043|59491810|2011-11-07|26.210000|26.800000]
226  [run-main] ERROR getco.model.EquityTimeSeriesImpl - Unable to combine time series for 45920010 due to [3488996.000000|45920010|2011-11-07|186.220000|187.320000] != [3531095|45920010|2011-11-07|186.220000|187.320000]
226  [run-main] ERROR getco.model.EquityTimeSeriesImpl - Unable to combine time series for 93114210 due to [8481700.000000|93114210|2011-11-07|57.340000|57.940000] != [8520513|93114210|2011-11-07|57.340000|57.940000]
226  [run-main] ERROR getco.model.EquityTimeSeriesImpl - Unable to combine time series for 68389X10 due to [23443116.000000|68389X10|2011-11-07|32.390000|32.870000] != [23980094|68389X10|2011-11-07|32.390000|32.870000]
226  [run-main] ERROR getco.model.EquityTimeSeriesImpl - Unable to combine time series for 45814010 due to [47400740.000000|45814010|2011-11-07|23.700000|24.280000] != [51144945|45814010|2011-11-07|23.700000|24.280000]
226  [run-main] ERROR getco.model.EquityTimeSeriesImpl - Unable to combine time series for 80305420 due to [2813371.000000|80305420|2011-11-07|60.480000|61.130000] != [3846512|80305420|2011-11-07|60.480000|61.130000]
226  [run-main] ERROR getco.model.EquityTimeSeriesImpl - Unable to combine time series for 13800630 due to [378000.000000|13800630|2011-11-07|43.980000|44.100000] != [379700|13800630|2011-11-07|43.980000|44.100000]
227  [run-main] ERROR getco.model.EquityTimeSeriesImpl - Unable to combine time series for 26864810 due to [12670562.000000|26864810|2011-11-07|24.590000|24.600000] != [12739860|26864810|2011-11-07|24.590000|24.600000]
227  [run-main] ERROR getco.model.EquityTimeSeriesImpl - Unable to combine time series for 37045V10 due to [9736884.000000|37045V10|2011-11-07|23.930000|24.010000] != [9804904|37045V10|2011-11-07|23.930000|24.010000]
227  [run-main] ERROR getco.model.EquityTimeSeriesImpl - Unable to combine time series for 87612E10 due to [3820449.000000|87612E10|2011-11-07|52.280000|52.830000] != [3869364|87612E10|2011-11-07|52.280000|52.830000]
227  [run-main] ERROR getco.model.EquityTimeSeriesImpl - Unable to combine time series for 14365830 due to [4657645.000000|14365830|2011-11-07|34.090000|33.950000] != [4670534|14365830|2011-11-07|34.090000|33.950000]
227  [run-main] ERROR getco.model.EquityTimeSeriesImpl - Unable to combine time series for 98849810 due to [3494056.000000|98849810|2011-11-07|54.150000|54.630000] != [3518865|98849810|2011-11-07|54.150000|54.630000]
227  [run-main] ERROR getco.model.EquityTimeSeriesImpl - Unable to combine time series for 11132010 due to [4820421.000000|11132010|2011-11-07|35.900000|35.830000] != [4930697|11132010|2011-11-07|35.900000|35.830000]
227  [run-main] ERROR getco.model.EquityTimeSeriesImpl - Unable to combine time series for N0705918 due to [1298749.000000|N0705918|2011-11-07|41.650000|41.740000] != [1322219|N0705918|2011-11-07|41.650000|41.740000]
228  [run-main] ERROR getco.model.EquityTimeSeriesImpl - Unable to combine time series for 03822210 due to [10565615.000000|03822210|2011-11-07|12.360000|12.405000] != [10733002|03822210|2011-11-07|12.360000|12.405000]
228  [run-main] ERROR getco.model.EquityTimeSeriesImpl - Unable to combine time series for 67066G10 due to [15243576.000000|67066G10|2011-11-07|14.710000|14.740000] != [15341572|67066G10|2011-11-07|14.710000|14.740000]
228  [run-main] ERROR getco.model.EquityTimeSeriesImpl - Unable to combine time series for G5876H10 due to [10749347.000000|G5876H10|2011-11-07|14.240000|14.390000] != [11140785|G5876H10|2011-11-07|14.240000|14.390000]
228  [run-main] ERROR getco.model.EquityTimeSeriesImpl - Unable to combine time series for 57772K10 due to [2687087.000000|57772K10|2011-11-07|26.750000|26.500000] != [2719346|57772K10|2011-11-07|26.750000|26.500000]
228  [run-main] ERROR getco.model.EquityTimeSeriesImpl - Unable to combine time series for G7945M10 due to [12030114.000000|G7945M10|2011-11-07|18.090000|18.350000] != [12098662|G7945M10|2011-11-07|18.090000|18.350000]
228  [run-main] ERROR getco.model.EquityTimeSeriesImpl - Unable to combine time series for 24736170 due to [7653464.000000|24736170|2011-11-07|8.370000|8.310000] != [7735813|24736170|2011-11-07|8.370000|8.310000]
229  [run-main] ERROR getco.model.EquityTimeSeriesImpl - Unable to combine time series for 59501710 due to [2521031.000000|59501710|2011-11-07|36.630000|36.560000] != [3648351|59501710|2011-11-07|36.630000|36.560000]
229  [run-main] ERROR getco.model.EquityTimeSeriesImpl - Unable to combine time series for 86101210 due to [1902100.000000|86101210|2011-11-07|7.370000|7.370000] != [1922224|86101210|2011-11-07|7.370000|7.370000]
229  [run-main] ERROR getco.model.EquityTimeSeriesImpl - Unable to combine time series for 39945C10 due to [171214.000000|39945C10|2011-11-07|20.210000|20.420000] != [174514|39945C10|2011-11-07|20.210000|20.420000]
229  [run-main] ERROR getco.model.EquityTimeSeriesImpl - Unable to combine time series for 04951310 due to [7034371.000000|04951310|2011-11-07|10.530000|10.440000] != [7038034|04951310|2011-11-07|10.530000|10.440000]
229  [run-main] ERROR getco.model.EquityTimeSeriesImpl - Unable to combine time series for 03783310 due to [14053990.000000|03783310|2011-11-08|402.210000|406.230000] != [14301406|03783310|2011-11-08|402.210000|406.230000]
229  [run-main] ERROR getco.model.EquityTimeSeriesImpl - Unable to combine time series for 59491810 due to [46749016.000000|59491810|2011-11-08|27.010000|27.160000] != [47825636|59491810|2011-11-08|27.010000|27.160000]
229  [run-main] ERROR getco.model.EquityTimeSeriesImpl - Unable to combine time series for 45920010 due to [4283851.000000|45920010|2011-11-08|187.480000|187.250000] != [4331568|45920010|2011-11-08|187.480000|187.250000]
230  [run-main] ERROR getco.model.EquityTimeSeriesImpl - Unable to combine time series for 93114210 due to [19755001.000000|93114210|2011-11-08|58.020000|59.320000] != [20107097|93114210|2011-11-08|58.020000|59.320000]
230  [run-main] ERROR getco.model.EquityTimeSeriesImpl - Unable to combine time series for 68389X10 due to [29773418.000000|68389X10|2011-11-08|33.130000|33.610000] != [30171408|68389X10|2011-11-08|33.130000|33.610000]
230  [run-main] ERROR getco.model.EquityTimeSeriesImpl - Unable to combine time series for 45814010 due to [54641075.000000|45814010|2011-11-08|24.480000|24.750000] != [55969275|45814010|2011-11-08|24.480000|24.750000]
230  [run-main] ERROR getco.model.EquityTimeSeriesImpl - Unable to combine time series for 80305420 due to [1260650.000000|80305420|2011-11-08|61.720000|62.040000] != [1904785|80305420|2011-11-08|61.720000|62.040000]
230  [run-main] ERROR getco.model.EquityTimeSeriesImpl - Unable to combine time series for 13800630 due to [255080.000000|13800630|2011-11-08|44.220000|44.430000] != [256780|13800630|2011-11-08|44.220000|44.430000]
230  [run-main] ERROR getco.model.EquityTimeSeriesImpl - Unable to combine time series for 26864810 due to [19528196.000000|26864810|2011-11-08|24.720000|24.970000] != [19659361|26864810|2011-11-08|24.720000|24.970000]
230  [run-main] ERROR getco.model.EquityTimeSeriesImpl - Unable to combine time series for 37045V10 due to [19287184.000000|37045V10|2011-11-08|24.200000|25.040000] != [19891750|37045V10|2011-11-08|24.200000|25.040000]
231  [run-main] ERROR getco.model.EquityTimeSeriesImpl - Unable to combine time series for 87612E10 due to [5150131.000000|87612E10|2011-11-08|53.000000|53.050000] != [5202964|87612E10|2011-11-08|53.000000|53.050000]
231  [run-main] ERROR getco.model.EquityTimeSeriesImpl - Unable to combine time series for 14365830 due to [3819441.000000|14365830|2011-11-08|34.510000|34.400000] != [3873652|14365830|2011-11-08|34.510000|34.400000]
231  [run-main] ERROR getco.model.EquityTimeSeriesImpl - Unable to combine time series for 98849810 due to [3977769.000000|98849810|2011-11-08|54.850000|55.630000] != [4002578|98849810|2011-11-08|54.850000|55.630000]
231  [run-main] ERROR getco.model.EquityTimeSeriesImpl - Unable to combine time series for 97651M10 due to [362057.000000|97651M10|2011-11-08|10.180000|10.210000] != [365662|97651M10|2011-11-08|10.180000|10.210000]
231  [run-main] ERROR getco.model.EquityTimeSeriesImpl - Unable to combine time series for 11132010 due to [5523201.000000|11132010|2011-11-08|35.950000|35.840000] != [5617859|11132010|2011-11-08|35.950000|35.840000]
231  [run-main] ERROR getco.model.EquityTimeSeriesImpl - Unable to combine time series for N0705918 due to [2644671.000000|N0705918|2011-11-08|43.170000|42.980000] != [2858064|N0705918|2011-11-08|43.170000|42.980000]
231  [run-main] ERROR getco.model.EquityTimeSeriesImpl - Unable to combine time series for 03822210 due to [11598138.000000|03822210|2011-11-08|12.500000|12.640000] != [11854329|03822210|2011-11-08|12.500000|12.640000]
231  [run-main] ERROR getco.model.EquityTimeSeriesImpl - Unable to combine time series for 67066G10 due to [13591970.000000|67066G10|2011-11-08|14.930000|15.080000] != [13746594|67066G10|2011-11-08|14.930000|15.080000]
232  [run-main] ERROR getco.model.EquityTimeSeriesImpl - Unable to combine time series for G5876H10 due to [14251772.000000|G5876H10|2011-11-08|14.549900|14.620000] != [14345928|G5876H10|2011-11-08|14.549900|14.620000]
232  [run-main] ERROR getco.model.EquityTimeSeriesImpl - Unable to combine time series for 57772K10 due to [2230197.000000|57772K10|2011-11-08|26.680000|27.080000] != [2284398|57772K10|2011-11-08|26.680000|27.080000]
232  [run-main] ERROR getco.model.EquityTimeSeriesImpl - Unable to combine time series for G7945M10 due to [14489021.000000|G7945M10|2011-11-08|18.180000|17.880000] != [14527551|G7945M10|2011-11-08|18.180000|17.880000]
232  [run-main] ERROR getco.model.EquityTimeSeriesImpl - Unable to combine time series for 59501710 due to [1994983.000000|59501710|2011-11-08|36.740000|36.920000] != [2067433|59501710|2011-11-08|36.740000|36.920000]
232  [run-main] ERROR getco.model.EquityTimeSeriesImpl - Unable to combine time series for 24736170 due to [14861458.000000|24736170|2011-11-08|8.290000|8.200000] != [14865909|24736170|2011-11-08|8.290000|8.200000]
232  [run-main] ERROR getco.model.EquityTimeSeriesImpl - Unable to combine time series for 86101210 due to [1701585.000000|86101210|2011-11-08|7.490000|7.520000] != [1706315|86101210|2011-11-08|7.490000|7.520000]
232  [run-main] ERROR getco.model.EquityTimeSeriesImpl - Unable to combine time series for 39945C10 due to [305042.000000|39945C10|2011-11-08|20.370000|20.350000] != [311642|39945C10|2011-11-08|20.370000|20.350000]
232  [run-main] ERROR getco.model.EquityTimeSeriesImpl - Unable to combine time series for 04951310 due to [9528002.000000|04951310|2011-11-08|10.490000|10.170000] != [9772586|04951310|2011-11-08|10.490000|10.170000]
232  [run-main] ERROR getco.model.EquityTimeSeriesImpl - Unable to combine time series for 03783310 due to [18873284.000000|03783310|2011-11-09|396.970000|395.280000] != [19952990|03783310|2011-11-09|396.970000|395.280000]
233  [run-main] ERROR getco.model.EquityTimeSeriesImpl - Unable to combine time series for 59491810 due to [61077282.000000|59491810|2011-11-09|26.590000|26.200000] != [62950825|59491810|2011-11-09|26.590000|26.200000]
233  [run-main] ERROR getco.model.EquityTimeSeriesImpl - Unable to combine time series for 45920010 due to [5155842.000000|45920010|2011-11-09|184.200000|182.240000] != [5495014|45920010|2011-11-09|184.200000|182.240000]
233  [run-main] ERROR getco.model.EquityTimeSeriesImpl - Unable to combine time series for 93114210 due to [13606519.000000|93114210|2011-11-09|58.530000|58.050000] != [13947664|93114210|2011-11-09|58.530000|58.050000]
233  [run-main] ERROR getco.model.EquityTimeSeriesImpl - Unable to combine time series for 68389X10 due to [35823745.000000|68389X10|2011-11-09|32.839900|31.590000] != [36933068|68389X10|2011-11-09|32.839900|31.590000]
233  [run-main] ERROR getco.model.EquityTimeSeriesImpl - Unable to combine time series for 45814010 due to [55245879.000000|45814010|2011-11-09|24.240000|23.840000] != [56872144|45814010|2011-11-09|24.240000|23.840000]
233  [run-main] ERROR getco.model.EquityTimeSeriesImpl - Unable to combine time series for 80305420 due to [2356090.000000|80305420|2011-11-09|59.580000|58.480000] != [2498054|80305420|2011-11-09|59.580000|58.480000]
233  [run-main] ERROR getco.model.EquityTimeSeriesImpl - Unable to combine time series for 13800630 due to [277128.000000|13800630|2011-11-09|43.770000|43.290000] != [278714|13800630|2011-11-09|43.770000|43.290000]
233  [run-main] ERROR getco.model.EquityTimeSeriesImpl - Unable to combine time series for 26864810 due to [18636131.000000|26864810|2011-11-09|24.460000|24.080000] != [18922912|26864810|2011-11-09|24.460000|24.080000]
234  [run-main] ERROR getco.model.EquityTimeSeriesImpl - Unable to combine time series for 37045V10 due to [31610657.000000|37045V10|2011-11-09|23.070000|22.310000] != [32918212|37045V10|2011-11-09|23.070000|22.310000]
234  [run-main] ERROR getco.model.EquityTimeSeriesImpl - Unable to combine time series for 87612E10 due to [5824190.000000|87612E10|2011-11-09|52.090000|51.690000] != [5876850|87612E10|2011-11-09|52.090000|51.690000]
234  [run-main] ERROR getco.model.EquityTimeSeriesImpl - Unable to combine time series for 14365830 due to [6206921.000000|14365830|2011-11-09|33.280000|32.530000] != [6265260|14365830|2011-11-09|33.280000|32.530000]
234  [run-main] ERROR getco.model.EquityTimeSeriesImpl - Unable to combine time series for 98849810 due to [6260661.000000|98849810|2011-11-09|54.430000|54.810000] != [6320576|98849810|2011-11-09|54.430000|54.810000]
234  [run-main] ERROR getco.model.EquityTimeSeriesImpl - Unable to combine time series for 97651M10 due to [564982.000000|97651M10|2011-11-09|9.840000|9.660000] != [567082|97651M10|2011-11-09|9.840000|9.660000]
234  [run-main] ERROR getco.model.EquityTimeSeriesImpl - Unable to combine time series for 11132010 due to [6629887.000000|11132010|2011-11-09|34.740000|34.050000] != [7238473|11132010|2011-11-09|34.740000|34.050000]
234  [run-main] ERROR getco.model.EquityTimeSeriesImpl - Unable to combine time series for N0705918 due to [2305479.000000|N0705918|2011-11-09|40.920000|40.100000] != [2512228|N0705918|2011-11-09|40.920000|40.100000]
234  [run-main] ERROR getco.model.EquityTimeSeriesImpl - Unable to combine time series for 03822210 due to [16311132.000000|03822210|2011-11-09|12.400000|12.140000] != [16895128|03822210|2011-11-09|12.400000|12.140000]
234  [run-main] ERROR getco.model.EquityTimeSeriesImpl - Unable to combine time series for 67066G10 due to [12923721.000000|67066G10|2011-11-09|14.730000|14.320000] != [13309636|67066G10|2011-11-09|14.730000|14.320000]
235  [run-main] ERROR getco.model.EquityTimeSeriesImpl - Unable to combine time series for G5876H10 due to [11708912.000000|G5876H10|2011-11-09|14.230000|14.110000] != [11898919|G5876H10|2011-11-09|14.230000|14.110000]
235  [run-main] ERROR getco.model.EquityTimeSeriesImpl - Unable to combine time series for 57772K10 due to [2198731.000000|57772K10|2011-11-09|26.510000|25.890000] != [2229947|57772K10|2011-11-09|26.510000|25.890000]
235  [run-main] ERROR getco.model.EquityTimeSeriesImpl - Unable to combine time series for G7945M10 due to [10622377.000000|G7945M10|2011-11-09|17.610000|17.130000] != [10835968|G7945M10|2011-11-09|17.610000|17.130000]
235  [run-main] ERROR getco.model.EquityTimeSeriesImpl - Unable to combine time series for 24736170 due to [9072231.000000|24736170|2011-11-09|8.040000|8.000000] != [9113497|24736170|2011-11-09|8.040000|8]
235  [run-main] ERROR getco.model.EquityTimeSeriesImpl - Unable to combine time series for 59501710 due to [2129070.000000|59501710|2011-11-09|36.110000|35.450000] != [2186627|59501710|2011-11-09|36.110000|35.450000]
235  [run-main] ERROR getco.model.EquityTimeSeriesImpl - Unable to combine time series for 86101210 due to [1914838.000000|86101210|2011-11-09|7.160000|6.940000] != [1943803|86101210|2011-11-09|7.160000|6.940000]
235  [run-main] ERROR getco.model.EquityTimeSeriesImpl - Unable to combine time series for 39945C10 due to [213122.000000|39945C10|2011-11-09|19.710000|19.670000] != [219722|39945C10|2011-11-09|19.710000|19.670000]
235  [run-main] ERROR getco.model.EquityTimeSeriesImpl - Unable to combine time series for 04951310 due to [10330873.000000|04951310|2011-11-09|9.890000|9.550000] != [10430588|04951310|2011-11-09|9.890000|9.550000]
236  [run-main] ERROR getco.model.EquityTimeSeriesImpl - Unable to combine time series for 03783310 due to [26247045.000000|03783310|2011-11-10|397.030000|385.220000] != [26606467|03783310|2011-11-10|397.030000|385.220000]
236  [run-main] ERROR getco.model.EquityTimeSeriesImpl - Unable to combine time series for 59491810 due to [32123214.000000|59491810|2011-11-10|26.470000|26.280000] != [32517281|59491810|2011-11-10|26.470000|26.280000]
236  [run-main] ERROR getco.model.EquityTimeSeriesImpl - Unable to combine time series for 45920010 due to [3837877.000000|45920010|2011-11-10|183.580000|183.350000] != [3881958|45920010|2011-11-10|183.580000|183.350000]
236  [run-main] ERROR getco.model.EquityTimeSeriesImpl - Unable to combine time series for 93114210 due to [9344619.000000|93114210|2011-11-10|58.330000|58.130000] != [9409918|93114210|2011-11-10|58.330000|58.130000]
236  [run-main] ERROR getco.model.EquityTimeSeriesImpl - Unable to combine time series for 68389X10 due to [24759416.000000|68389X10|2011-11-10|31.940000|31.730000] != [25303831|68389X10|2011-11-10|31.940000|31.730000]
236  [run-main] ERROR getco.model.EquityTimeSeriesImpl - Unable to combine time series for 45814010 due to [44816522.000000|45814010|2011-11-10|24.140000|24.060000] != [45508704|45814010|2011-11-10|24.140000|24.060000]
236  [run-main] ERROR getco.model.EquityTimeSeriesImpl - Unable to combine time series for 80305420 due to [1517052.000000|80305420|2011-11-10|59.610000|59.690000] != [1772952|80305420|2011-11-10|59.610000|59.690000]
236  [run-main] ERROR getco.model.EquityTimeSeriesImpl - Unable to combine time series for 13800630 due to [158493.000000|13800630|2011-11-10|43.590000|43.450000] != [160079|13800630|2011-11-10|43.590000|43.450000]
236  [run-main] ERROR getco.model.EquityTimeSeriesImpl - Unable to combine time series for 26864810 due to [19356303.000000|26864810|2011-11-10|24.370000|24.060000] != [19411859|26864810|2011-11-10|24.370000|24.060000]
237  [run-main] ERROR getco.model.EquityTimeSeriesImpl - Unable to combine time series for 37045V10 due to [15673971.000000|37045V10|2011-11-10|22.440000|22.700000] != [15867499|37045V10|2011-11-10|22.440000|22.700000]
237  [run-main] ERROR getco.model.EquityTimeSeriesImpl - Unable to combine time series for 87612E10 due to [3909515.000000|87612E10|2011-11-10|52.130000|51.770000] != [3927904|87612E10|2011-11-10|52.130000|51.770000]
237  [run-main] ERROR getco.model.EquityTimeSeriesImpl - Unable to combine time series for 14365830 due to [3941084.000000|14365830|2011-11-10|33.050000|32.940000] != [3966437|14365830|2011-11-10|33.050000|32.940000]
237  [run-main] ERROR getco.model.EquityTimeSeriesImpl - Unable to combine time series for 98849810 due to [3281487.000000|98849810|2011-11-10|55.260000|54.740000] != [3298296|98849810|2011-11-10|55.260000|54.740000]
237  [run-main] ERROR getco.model.EquityTimeSeriesImpl - Unable to combine time series for 97651M10 due to [383347.000000|97651M10|2011-11-10|9.820000|9.730000] != [385447|97651M10|2011-11-10|9.820000|9.730000]
237  [run-main] ERROR getco.model.EquityTimeSeriesImpl - Unable to combine time series for 11132010 due to [7371783.000000|11132010|2011-11-10|34.600000|34.130000] != [7589172|11132010|2011-11-10|34.600000|34.130000]
237  [run-main] ERROR getco.model.EquityTimeSeriesImpl - Unable to combine time series for N0705918 due to [2520530.000000|N0705918|2011-11-10|40.680000|40.550000] != [2584070|N0705918|2011-11-10|40.680000|40.550000]
237  [run-main] ERROR getco.model.EquityTimeSeriesImpl - Unable to combine time series for 03822210 due to [11314126.000000|03822210|2011-11-10|12.260000|12.250000] != [11544159|03822210|2011-11-10|12.260000|12.250000]
238  [run-main] ERROR getco.model.EquityTimeSeriesImpl - Unable to combine time series for G5876H10 due to [13342943.000000|G5876H10|2011-11-10|14.320000|14.480000] != [13610128|G5876H10|2011-11-10|14.320000|14.480000]
238  [run-main] ERROR getco.model.EquityTimeSeriesImpl - Unable to combine time series for 67066G10 due to [22928098.000000|67066G10|2011-11-10|14.670000|14.470000] != [24762018|67066G10|2011-11-10|14.670000|14.470000]
238  [run-main] ERROR getco.model.EquityTimeSeriesImpl - Unable to combine time series for 57772K10 due to [2951051.000000|57772K10|2011-11-10|26.180000|26.070000] != [2975426|57772K10|2011-11-10|26.180000|26.070000]
238  [run-main] ERROR getco.model.EquityTimeSeriesImpl - Unable to combine time series for G7945M10 due to [13098740.000000|G7945M10|2011-11-10|17.490000|17.510000] != [13114004|G7945M10|2011-11-10|17.490000|17.510000]
238  [run-main] ERROR getco.model.EquityTimeSeriesImpl - Unable to combine time series for 59501710 due to [1467754.000000|59501710|2011-11-10|35.730000|35.760000] != [1482857|59501710|2011-11-10|35.730000|35.760000]
238  [run-main] ERROR getco.model.EquityTimeSeriesImpl - Unable to combine time series for 86101210 due to [1519923.000000|86101210|2011-11-10|7.240000|7.090000] != [1547488|86101210|2011-11-10|7.240000|7.090000]
238  [run-main] ERROR getco.model.EquityTimeSeriesImpl - Unable to combine time series for 24736170 due to [15525640.000000|24736170|2011-11-10|8.020000|7.620000] != [15541011|24736170|2011-11-10|8.020000|7.620000]
238  [run-main] ERROR getco.model.EquityTimeSeriesImpl - Unable to combine time series for 39945C10 due to [506567.000000|39945C10|2011-11-10|19.560000|19.760000] != [514467|39945C10|2011-11-10|19.560000|19.760000]
239  [run-main] ERROR getco.model.EquityTimeSeriesImpl - Unable to combine time series for 04951310 due to [7126379.000000|04951310|2011-11-10|9.670000|9.550000] != [7422314|04951310|2011-11-10|9.670000|9.550000]
239  [run-main] ERROR getco.model.EquityTimeSeriesImpl - Unable to combine time series for 03783310 due to [22805184.000000|03783310|2011-11-11|386.610000|384.620000] != [23349431|03783310|2011-11-11|386.610000|384.620000]
239  [run-main] ERROR getco.model.EquityTimeSeriesImpl - Unable to combine time series for 59491810 due to [36858098.000000|59491810|2011-11-11|26.579900|26.910000] != [37903971|59491810|2011-11-11|26.579900|26.910000]
239  [run-main] ERROR getco.model.EquityTimeSeriesImpl - Unable to combine time series for 45920010 due to [3495718.000000|45920010|2011-11-11|185.270000|187.380000] != [3665309|45920010|2011-11-11|185.270000|187.380000]
239  [run-main] ERROR getco.model.EquityTimeSeriesImpl - Unable to combine time series for 93114210 due to [8196485.000000|93114210|2011-11-11|58.510000|59.200000] != [8398481|93114210|2011-11-11|58.510000|59.200000]
239  [run-main] ERROR getco.model.EquityTimeSeriesImpl - Unable to combine time series for 68389X10 due to [20475580.000000|68389X10|2011-11-11|32.020000|32.370000] != [21664788|68389X10|2011-11-11|32.020000|32.370000]
239  [run-main] ERROR getco.model.EquityTimeSeriesImpl - Unable to combine time series for 45814010 due to [42961248.000000|45814010|2011-11-11|24.310000|24.850000] != [43867192|45814010|2011-11-11|24.310000|24.850000]
239  [run-main] ERROR getco.model.EquityTimeSeriesImpl - Unable to combine time series for 80305420 due to [1219359.000000|80305420|2011-11-11|60.800000|60.680000] != [1247023|80305420|2011-11-11|60.800000|60.680000]
240  [run-main] ERROR getco.model.EquityTimeSeriesImpl - Unable to combine time series for 13800630 due to [512867.000000|13800630|2011-11-11|44.240000|44.800000] != [514453|13800630|2011-11-11|44.240000|44.800000]
240  [run-main] ERROR getco.model.EquityTimeSeriesImpl - Unable to combine time series for 26864810 due to [15645110.000000|26864810|2011-11-11|24.420000|24.640000] != [15796137|26864810|2011-11-11|24.420000|24.640000]
240  [run-main] ERROR getco.model.EquityTimeSeriesImpl - Unable to combine time series for 87612E10 due to [4237127.000000|87612E10|2011-11-11|52.000000|53.070000] != [4291823|87612E10|2011-11-11|52.000000|53.070000]
240  [run-main] ERROR getco.model.EquityTimeSeriesImpl - Unable to combine time series for 37045V10 due to [15353455.000000|37045V10|2011-11-11|22.950000|22.510000] != [15439418|37045V10|2011-11-11|22.950000|22.510000]
240  [run-main] ERROR getco.model.EquityTimeSeriesImpl - Unable to combine time series for 14365830 due to [2677032.000000|14365830|2011-11-11|33.550000|33.470000] != [2699211|14365830|2011-11-11|33.550000|33.470000]
240  [run-main] ERROR getco.model.EquityTimeSeriesImpl - Unable to combine time series for 98849810 due to [2418866.000000|98849810|2011-11-11|55.210000|55.810000] != [2439447|98849810|2011-11-11|55.210000|55.810000]
240  [run-main] ERROR getco.model.EquityTimeSeriesImpl - Unable to combine time series for 97651M10 due to [622681.000000|97651M10|2011-11-11|9.900000|10.030000] != [711830|97651M10|2011-11-11|9.900000|10.030000]
240  [run-main] ERROR getco.model.EquityTimeSeriesImpl - Unable to combine time series for 11132010 due to [5092742.000000|11132010|2011-11-11|34.609900|35.330000] != [5219550|11132010|2011-11-11|34.609900|35.330000]
240  [run-main] ERROR getco.model.EquityTimeSeriesImpl - Unable to combine time series for N0705918 due to [2517600.000000|N0705918|2011-11-11|40.640000|41.560000] != [2533369|N0705918|2011-11-11|40.640000|41.560000]
241  [run-main] ERROR getco.model.EquityTimeSeriesImpl - Unable to combine time series for 03822210 due to [11800779.000000|03822210|2011-11-11|12.420000|12.730000] != [12229949|03822210|2011-11-11|12.420000|12.730000]
241  [run-main] ERROR getco.model.EquityTimeSeriesImpl - Unable to combine time series for 67066G10 due to [43098084.000000|67066G10|2011-11-11|14.880000|14.980000] != [43798157|67066G10|2011-11-11|14.880000|14.980000]
241  [run-main] ERROR getco.model.EquityTimeSeriesImpl - Unable to combine time series for G5876H10 due to [11153051.000000|G5876H10|2011-11-11|14.590000|14.920000] != [11438959|G5876H10|2011-11-11|14.590000|14.920000]
241  [run-main] ERROR getco.model.EquityTimeSeriesImpl - Unable to combine time series for 57772K10 due to [1557168.000000|57772K10|2011-11-11|26.100000|26.750000] != [1593657|57772K10|2011-11-11|26.100000|26.750000]
241  [run-main] ERROR getco.model.EquityTimeSeriesImpl - Unable to combine time series for G7945M10 due to [11917381.000000|G7945M10|2011-11-11|17.620000|17.940000] != [11991944|G7945M10|2011-11-11|17.620000|17.940000]
241  [run-main] ERROR getco.model.EquityTimeSeriesImpl - Unable to combine time series for 59501710 due to [1560784.000000|59501710|2011-11-11|36.040000|36.760000] != [1638215|59501710|2011-11-11|36.040000|36.760000]
241  [run-main] ERROR getco.model.EquityTimeSeriesImpl - Unable to combine time series for 24736170 due to [9465961.000000|24736170|2011-11-11|7.750000|7.950000] != [9485750|24736170|2011-11-11|7.750000|7.950000]
241  [run-main] ERROR getco.model.EquityTimeSeriesImpl - Unable to combine time series for 86101210 due to [959787.000000|86101210|2011-11-11|7.270000|7.340000] != [975562|86101210|2011-11-11|7.270000|7.340000]
242  [run-main] ERROR getco.model.EquityTimeSeriesImpl - Unable to combine time series for 39945C10 due to [277891.000000|39945C10|2011-11-11|19.870000|19.740000] != [347091|39945C10|2011-11-11|19.870000|19.740000]
242  [run-main] ERROR getco.model.EquityTimeSeriesImpl - Unable to combine time series for 04951310 due to [8654826.000000|04951310|2011-11-11|9.660000|10.220000] != [8692510|04951310|2011-11-11|9.660000|10.220000]
242  [run-main] ERROR getco.model.EquityTimeSeriesImpl - Unable to combine time series for 03783310 due to [15098616.000000|03783310|2011-11-14|383.520000|379.260000] != [15466501|03783310|2011-11-14|383.520000|379.260000]
242  [run-main] ERROR getco.model.EquityTimeSeriesImpl - Unable to combine time series for 59491810 due to [31487559.000000|59491810|2011-11-14|26.879900|26.760000] != [34199146|59491810|2011-11-14|26.879900|26.760000]
242  [run-main] ERROR getco.model.EquityTimeSeriesImpl - Unable to combine time series for 45920010 due to [5450904.000000|45920010|2011-11-14|189.170000|187.350000] != [6047079|45920010|2011-11-14|189.170000|187.350000]
242  [run-main] ERROR getco.model.EquityTimeSeriesImpl - Unable to combine time series for 93114210 due to [10223770.000000|93114210|2011-11-14|58.810000|58.890000] != [10554475|93114210|2011-11-14|58.810000|58.890000]
242  [run-main] ERROR getco.model.EquityTimeSeriesImpl - Unable to combine time series for 68389X10 due to [16078542.000000|68389X10|2011-11-14|32.300000|32.300000] != [16781628|68389X10|2011-11-14|32.300000|32.300000]
242  [run-main] ERROR getco.model.EquityTimeSeriesImpl - Unable to combine time series for 45814010 due to [40008349.000000|45814010|2011-11-14|24.780100|24.630000] != [49418044|45814010|2011-11-14|24.780100|24.630000]
242  [run-main] ERROR getco.model.EquityTimeSeriesImpl - Unable to combine time series for 80305420 due to [930975.000000|80305420|2011-11-14|60.020000|59.720000] != [943054|80305420|2011-11-14|60.020000|59.720000]
243  [run-main] ERROR getco.model.EquityTimeSeriesImpl - Unable to combine time series for 13800630 due to [376282.000000|13800630|2011-11-14|44.290000|44.200000] != [377868|13800630|2011-11-14|44.290000|44.200000]
243  [run-main] ERROR getco.model.EquityTimeSeriesImpl - Unable to combine time series for 26864810 due to [9940119.000000|26864810|2011-11-14|24.550000|24.460000] != [10296584|26864810|2011-11-14|24.550000|24.460000]
243  [run-main] ERROR getco.model.EquityTimeSeriesImpl - Unable to combine time series for 37045V10 due to [13282826.000000|37045V10|2011-11-14|22.560000|22.990000] != [13433506|37045V10|2011-11-14|22.560000|22.990000]
243  [run-main] ERROR getco.model.EquityTimeSeriesImpl - Unable to combine time series for 87612E10 due to [3487339.000000|87612E10|2011-11-14|52.500000|52.650000] != [3746920|87612E10|2011-11-14|52.500000|52.650000]
243  [run-main] ERROR getco.model.EquityTimeSeriesImpl - Unable to combine time series for 14365830 due to [2586374.000000|14365830|2011-11-14|33.270000|33.180000] != [2859227|14365830|2011-11-14|33.270000|33.180000]
243  [run-main] ERROR getco.model.EquityTimeSeriesImpl - Unable to combine time series for 98849810 due to [1838957.000000|98849810|2011-11-14|55.550000|55.290000] != [1911276|98849810|2011-11-14|55.550000|55.290000]
243  [run-main] ERROR getco.model.EquityTimeSeriesImpl - Unable to combine time series for 97651M10 due to [528664.000000|97651M10|2011-11-14|10.040000|10.010000] != [613659|97651M10|2011-11-14|10.040000|10.010000]
243  [run-main] ERROR getco.model.EquityTimeSeriesImpl - Unable to combine time series for 11132010 due to [4530139.000000|11132010|2011-11-14|35.140000|34.520000] != [4659475|11132010|2011-11-14|35.140000|34.520000]
244  [run-main] ERROR getco.model.EquityTimeSeriesImpl - Unable to combine time series for N0705918 due to [2556559.000000|N0705918|2011-11-14|40.990000|40.170000] != [2598863|N0705918|2011-11-14|40.990000|40.170000]
244  [run-main] ERROR getco.model.EquityTimeSeriesImpl - Unable to combine time series for 03822210 due to [10094660.000000|03822210|2011-11-14|12.680000|12.540000] != [10406417|03822210|2011-11-14|12.680000|12.540000]
244  [run-main] ERROR getco.model.EquityTimeSeriesImpl - Unable to combine time series for G5876H10 due to [9046273.000000|G5876H10|2011-11-14|14.860000|14.840000] != [9279699|G5876H10|2011-11-14|14.860000|14.840000]
244  [run-main] ERROR getco.model.EquityTimeSeriesImpl - Unable to combine time series for 67066G10 due to [12335047.000000|67066G10|2011-11-14|14.980000|14.690000] != [12510972|67066G10|2011-11-14|14.980000|14.690000]
244  [run-main] ERROR getco.model.EquityTimeSeriesImpl - Unable to combine time series for 57772K10 due to [1639801.000000|57772K10|2011-11-14|26.700000|26.490000] != [1693972|57772K10|2011-11-14|26.700000|26.490000]
244  [run-main] ERROR getco.model.EquityTimeSeriesImpl - Unable to combine time series for G7945M10 due to [7178912.000000|G7945M10|2011-11-14|17.710000|17.760000] != [7302138|G7945M10|2011-11-14|17.710000|17.760000]
244  [run-main] ERROR getco.model.EquityTimeSeriesImpl - Unable to combine time series for 59501710 due to [1149681.000000|59501710|2011-11-14|36.620000|36.430000] != [1187968|59501710|2011-11-14|36.620000|36.430000]
244  [run-main] ERROR getco.model.EquityTimeSeriesImpl - Unable to combine time series for 24736170 due to [15801617.000000|24736170|2011-11-14|8.020000|8.060000] != [15831415|24736170|2011-11-14|8.020000|8.060000]
244  [run-main] ERROR getco.model.EquityTimeSeriesImpl - Unable to combine time series for 86101210 due to [845969.000000|86101210|2011-11-14|7.330000|7.250000] != [863452|86101210|2011-11-14|7.330000|7.250000]
245  [run-main] ERROR getco.model.EquityTimeSeriesImpl - Unable to combine time series for 39945C10 due to [259520.000000|39945C10|2011-11-14|19.540000|19.280000] != [267320|39945C10|2011-11-14|19.540000|19.280000]
245  [run-main] ERROR getco.model.EquityTimeSeriesImpl - Unable to combine time series for 04951310 due to [6835264.000000|04951310|2011-11-14|10.150000|10.100000] != [6845426|04951310|2011-11-14|10.150000|10.100000]
245  [run-main] ERROR getco.model.EquityTimeSeriesImpl - Unable to combine time series for 03783310 due to [15045500.000000|03783310|2011-11-15|380.800000|388.830000] != [15392116|03783310|2011-11-15|380.800000|388.830000]
245  [run-main] ERROR getco.model.EquityTimeSeriesImpl - Unable to combine time series for 59491810 due to [43070429.000000|59491810|2011-11-15|26.560000|26.740000] != [43877075|59491810|2011-11-15|26.560000|26.740000]
245  [run-main] ERROR getco.model.EquityTimeSeriesImpl - Unable to combine time series for 45920010 due to [4528173.000000|45920010|2011-11-15|187.490000|188.750000] != [4585232|45920010|2011-11-15|187.490000|188.750000]
245  [run-main] ERROR getco.model.EquityTimeSeriesImpl - Unable to combine time series for 93114210 due to [15280930.000000|93114210|2011-11-15|57.970000|57.460000] != [16007290|93114210|2011-11-15|57.970000|57.460000]
245  [run-main] ERROR getco.model.EquityTimeSeriesImpl - Unable to combine time series for 68389X10 due to [21029850.000000|68389X10|2011-11-15|32.210000|32.970000] != [21397300|68389X10|2011-11-15|32.210000|32.960000]
246  [run-main] ERROR getco.model.EquityTimeSeriesImpl - Unable to combine time series for 45814010 due to [76689131.000000|45814010|2011-11-15|24.660000|25.340000] != [77391270|45814010|2011-11-15|24.660000|25.340000]
246  [run-main] ERROR getco.model.EquityTimeSeriesImpl - Unable to combine time series for 80305420 due to [1016805.000000|80305420|2011-11-15|59.800000|60.300000] != [1043300|80305420|2011-11-15|59.800000|60.300000]
246  [run-main] ERROR getco.model.EquityTimeSeriesImpl - Unable to combine time series for 13800630 due to [196238.000000|13800630|2011-11-15|44.060000|43.950000] != [197824|13800630|2011-11-15|44.060000|43.950000]
246  [run-main] ERROR getco.model.EquityTimeSeriesImpl - Unable to combine time series for 26864810 due to [8763714.000000|26864810|2011-11-15|24.270000|24.550000] != [8813260|26864810|2011-11-15|24.270000|24.550000]
246  [run-main] ERROR getco.model.EquityTimeSeriesImpl - Unable to combine time series for 37045V10 due to [13839612.000000|37045V10|2011-11-15|22.810000|23.350000] != [13868586|37045V10|2011-11-15|22.810000|23.350000]
246  [run-main] ERROR getco.model.EquityTimeSeriesImpl - Unable to combine time series for 87612E10 due to [6400837.000000|87612E10|2011-11-15|52.530000|53.180000] != [6533062|87612E10|2011-11-15|52.530000|53.180000]
246  [run-main] ERROR getco.model.EquityTimeSeriesImpl - Unable to combine time series for 14365830 due to [2452503.000000|14365830|2011-11-15|33.030000|33.040000] != [2729006|14365830|2011-11-15|33.030000|33.040000]
246  [run-main] ERROR getco.model.EquityTimeSeriesImpl - Unable to combine time series for 98849810 due to [1840658.000000|98849810|2011-11-15|55.280000|55.410000] != [1847710|98849810|2011-11-15|55.280000|55.410000]
247  [run-main] ERROR getco.model.EquityTimeSeriesImpl - Unable to combine time series for 97651M10 due to [314175.000000|97651M10|2011-11-15|10.030000|10.120000] != [399170|97651M10|2011-11-15|10.030000|10.120000]
247  [run-main] ERROR getco.model.EquityTimeSeriesImpl - Unable to combine time series for 11132010 due to [10381956.000000|11132010|2011-11-15|35.020000|35.950000] != [10622028|11132010|2011-11-15|35.020000|35.950000]
247  [run-main] ERROR getco.model.EquityTimeSeriesImpl - Unable to combine time series for N0705918 due to [1389422.000000|N0705918|2011-11-15|39.960000|40.460000] != [1462926|N0705918|2011-11-15|39.960000|40.460000]
247  [run-main] ERROR getco.model.EquityTimeSeriesImpl - Unable to combine time series for 03822210 due to [11476657.000000|03822210|2011-11-15|12.290000|12.640000] != [11726578|03822210|2011-11-15|12.290000|12.640000]
247  [run-main] ERROR getco.model.EquityTimeSeriesImpl - Unable to combine time series for G5876H10 due to [12024651.000000|G5876H10|2011-11-15|14.790000|15.080000] != [12154990|G5876H10|2011-11-15|14.790000|15.080000]
247  [run-main] ERROR getco.model.EquityTimeSeriesImpl - Unable to combine time series for 67066G10 due to [12453374.000000|67066G10|2011-11-15|14.550000|14.880000] != [12644108|67066G10|2011-11-15|14.550000|14.880000]
247  [run-main] ERROR getco.model.EquityTimeSeriesImpl - Unable to combine time series for 57772K10 due to [2783781.000000|57772K10|2011-11-15|26.390000|27.010000] != [2802529|57772K10|2011-11-15|26.390000|27.010000]
247  [run-main] ERROR getco.model.EquityTimeSeriesImpl - Unable to combine time series for G7945M10 due to [8838470.000000|G7945M10|2011-11-15|17.200000|17.520000] != [8878512|G7945M10|2011-11-15|17.200000|17.520000]
248  [run-main] ERROR getco.model.EquityTimeSeriesImpl - Unable to combine time series for 59501710 due to [1767090.000000|59501710|2011-11-15|36.350000|36.870000] != [1825752|59501710|2011-11-15|36.350000|36.870000]
248  [run-main] ERROR getco.model.EquityTimeSeriesImpl - Unable to combine time series for 24736170 due to [12761266.000000|24736170|2011-11-15|8.060000|8.000000] != [12773724|24736170|2011-11-15|8.060000|8]
248  [run-main] ERROR getco.model.EquityTimeSeriesImpl - Unable to combine time series for 86101210 due to [873239.000000|86101210|2011-11-15|7.150000|7.150000] != [884984|86101210|2011-11-15|7.150000|7.150000]
248  [run-main] ERROR getco.model.EquityTimeSeriesImpl - Unable to combine time series for 39945C10 due to [273562.000000|39945C10|2011-11-15|19.220000|19.230000] != [281362|39945C10|2011-11-15|19.220000|19.230000]
248  [run-main] ERROR getco.model.EquityTimeSeriesImpl - Unable to combine time series for 04951310 due to [7658651.000000|04951310|2011-11-15|10.070000|10.310000] != [7778248|04951310|2011-11-15|10.070000|10.310000]
248  [run-main] INFO  getco.io.EquityTimeSeriesWriterImpl - writing EquityTimeSeries file to /home/jpc/interviews/getco/equitytimeseries.txt
